2022-02-01 14:13:45.846  INFO [fullapp,,] 5930 --- [restartedMain] c.s.e.SpringDataRedisExampleApplication  : Starting SpringDataRedisExampleApplication using Java 17.0.1 on VD-MAC.local with PID 5930 (/Users/dhronan/Documents/workspace/spring-data-redis-cache/target/classes started by dhronan in /Users/dhronan/Documents/workspace/spring-data-redis-cache)
2022-02-01 14:13:45.849  INFO [fullapp,,] 5930 --- [restartedMain] c.s.e.SpringDataRedisExampleApplication  : No active profile set, falling back to default profiles: default
2022-02-01 14:13:45.874  INFO [fullapp,,] 5930 --- [restartedMain] .e.DevToolsPropertyDefaultsPostProcessor : Devtools property defaults active! Set 'spring.devtools.add-properties' to 'false' to disable
2022-02-01 14:13:45.875  INFO [fullapp,,] 5930 --- [restartedMain] .e.DevToolsPropertyDefaultsPostProcessor : For additional web related logging consider setting the 'logging.level.web' property to 'DEBUG'
2022-02-01 14:13:46.117  INFO [fullapp,,] 5930 --- [restartedMain] .s.d.r.c.RepositoryConfigurationDelegate : Multiple Spring Data modules found, entering strict repository configuration mode!
2022-02-01 14:13:46.117  INFO [fullapp,,] 5930 --- [restartedMain] .s.d.r.c.RepositoryConfigurationDelegate : Bootstrapping Spring Data JPA repositories in DEFAULT mode.
2022-02-01 14:13:46.174  INFO [fullapp,,] 5930 --- [restartedMain] .s.d.r.c.RepositoryConfigurationDelegate : Finished Spring Data repository scanning in 53 ms. Found 2 JPA repository interfaces.
2022-02-01 14:13:46.288  INFO [fullapp,,] 5930 --- [restartedMain] .s.d.r.c.RepositoryConfigurationDelegate : Multiple Spring Data modules found, entering strict repository configuration mode!
2022-02-01 14:13:46.288  INFO [fullapp,,] 5930 --- [restartedMain] .s.d.r.c.RepositoryConfigurationDelegate : Bootstrapping Spring Data Redis repositories in DEFAULT mode.
2022-02-01 14:13:46.295  INFO [fullapp,,] 5930 --- [restartedMain] .RepositoryConfigurationExtensionSupport : Spring Data Redis - Could not safely identify store assignment for repository candidate interface com.sample.example.respository.OrderRepo. If you want this repository to be a Redis repository, consider annotating your entities with one of these annotations: org.springframework.data.redis.core.RedisHash (preferred), or consider extending one of the following types with your repository: org.springframework.data.keyvalue.repository.KeyValueRepository.
2022-02-01 14:13:46.295  INFO [fullapp,,] 5930 --- [restartedMain] .RepositoryConfigurationExtensionSupport : Spring Data Redis - Could not safely identify store assignment for repository candidate interface com.sample.example.respository.ProductRepo. If you want this repository to be a Redis repository, consider annotating your entities with one of these annotations: org.springframework.data.redis.core.RedisHash (preferred), or consider extending one of the following types with your repository: org.springframework.data.keyvalue.repository.KeyValueRepository.
2022-02-01 14:13:46.296  INFO [fullapp,,] 5930 --- [restartedMain] .s.d.r.c.RepositoryConfigurationDelegate : Finished Spring Data repository scanning in 3 ms. Found 0 Redis repository interfaces.
2022-02-01 14:13:46.410  INFO [fullapp,,] 5930 --- [restartedMain] o.s.cloud.context.scope.GenericScope     : BeanFactory id=d6a0d0c0-205e-37a2-9bf2-73a1ef6eb608
2022-02-01 14:13:46.986  INFO [fullapp,,] 5930 --- [restartedMain] o.s.b.w.embedded.tomcat.TomcatWebServer  : Tomcat initialized with port(s): 9292 (http)
2022-02-01 14:13:46.992  INFO [fullapp,,] 5930 --- [restartedMain] o.apache.catalina.core.StandardService   : Starting service [Tomcat]
2022-02-01 14:13:46.992  INFO [fullapp,,] 5930 --- [restartedMain] org.apache.catalina.core.StandardEngine  : Starting Servlet engine: [Apache Tomcat/9.0.56]
2022-02-01 14:13:47.033  INFO [fullapp,,] 5930 --- [restartedMain] o.a.c.c.C.[Tomcat].[localhost].[/]       : Initializing Spring embedded WebApplicationContext
2022-02-01 14:13:47.034  INFO [fullapp,,] 5930 --- [restartedMain] w.s.c.ServletWebServerApplicationContext : Root WebApplicationContext: initialization completed in 1159 ms
2022-02-01 14:13:47.061  INFO [fullapp,,] 5930 --- [restartedMain] com.zaxxer.hikari.HikariDataSource       : HikariPool-1 - Starting...
2022-02-01 14:13:47.141  INFO [fullapp,,] 5930 --- [restartedMain] com.zaxxer.hikari.HikariDataSource       : HikariPool-1 - Start completed.
2022-02-01 14:13:47.147  INFO [fullapp,,] 5930 --- [restartedMain] o.s.b.a.h2.H2ConsoleAutoConfiguration    : H2 console available at '/h2-console'. Database available at 'jdbc:h2:mem:testdb'
2022-02-01 14:13:47.377  INFO [fullapp,,] 5930 --- [restartedMain] o.hibernate.jpa.internal.util.LogHelper  : HHH000204: Processing PersistenceUnitInfo [name: default]
2022-02-01 14:13:47.400  INFO [fullapp,,] 5930 --- [restartedMain] org.hibernate.Version                    : HHH000412: Hibernate ORM core version 5.6.4.Final
2022-02-01 14:13:47.464  INFO [fullapp,,] 5930 --- [restartedMain] o.hibernate.annotations.common.Version   : HCANN000001: Hibernate Commons Annotations {5.1.2.Final}
2022-02-01 14:13:47.520  INFO [fullapp,,] 5930 --- [restartedMain] org.hibernate.dialect.Dialect            : HHH000400: Using dialect: org.hibernate.dialect.H2Dialect
2022-02-01 14:13:47.543  INFO [fullapp,,] 5930 --- [restartedMain] o.h.e.boot.internal.EnversServiceImpl    : Envers integration enabled? : true
2022-02-01 14:13:48.076  INFO [fullapp,,] 5930 --- [restartedMain] o.h.e.t.j.p.i.JtaPlatformInitiator       : HHH000490: Using JtaPlatform implementation: [org.hibernate.engine.transaction.jta.platform.internal.NoJtaPlatform]
2022-02-01 14:13:48.079  INFO [fullapp,,] 5930 --- [restartedMain] j.LocalContainerEntityManagerFactoryBean : Initialized JPA EntityManagerFactory for persistence unit 'default'
2022-02-01 14:13:48.352  WARN [fullapp,,] 5930 --- [restartedMain] JpaBaseConfiguration$JpaWebConfiguration : spring.jpa.open-in-view is enabled by default. Therefore, database queries may be performed during view rendering. Explicitly configure spring.jpa.open-in-view to disable this warning
2022-02-01 14:13:48.757  INFO [fullapp,,] 5930 --- [restartedMain] o.s.b.d.a.OptionalLiveReloadServer       : LiveReload server is running on port 35729
2022-02-01 14:13:48.816  INFO [fullapp,,] 5930 --- [restartedMain] o.s.b.w.embedded.tomcat.TomcatWebServer  : Tomcat started on port(s): 9292 (http) with context path ''
2022-02-01 14:13:48.826  INFO [fullapp,,] 5930 --- [restartedMain] c.s.e.SpringDataRedisExampleApplication  : Started SpringDataRedisExampleApplication in 3.272 seconds (JVM running for 3.533)
